Determining if the pthread_create exist failed with the following output:
Change Dir: /home/nicholaskwan-wong/roshydro/build/CMakeFiles/CMakeTmp

Run Build Command:/usr/bin/make "cmTryCompileExec3623871689/fast"
/usr/bin/make -f CMakeFiles/cmTryCompileExec3623871689.dir/build.make CMakeFiles/cmTryCompileExec3623871689.dir/build
make[1]: Entering directory `/home/nicholaskwan-wong/roshydro/build/CMakeFiles/CMakeTmp'
/usr/bin/cmake -E cmake_progress_report /home/nicholaskwan-wong/roshydro/build/CMakeFiles/CMakeTmp/CMakeFiles 1
Building C object CMakeFiles/cmTryCompileExec3623871689.dir/CheckSymbolExists.c.o
/usr/bin/cc    -o CMakeFiles/cmTryCompileExec3623871689.dir/CheckSymbolExists.c.o   -c /home/nicholaskwan-wong/roshydro/build/CMakeFiles/CMakeTmp/CheckSymbolExists.c
Linking C executable cmTryCompileExec3623871689
/usr/bin/cmake -E cmake_link_script CMakeFiles/cmTryCompileExec3623871689.dir/link.txt --verbose=1
/usr/bin/cc       CMakeFiles/cmTryCompileExec3623871689.dir/CheckSymbolExists.c.o  -o cmTryCompileExec3623871689 -rdynamic 
CMakeFiles/cmTryCompileExec3623871689.dir/CheckSymbolExists.c.o: In function `main':
CheckSymbolExists.c:(.text+0x16): undefined reference to `pthread_create'
collect2: error: ld returned 1 exit status
make[1]: *** [cmTryCompileExec3623871689] Error 1
make[1]: Leaving directory `/home/nicholaskwan-wong/roshydro/build/CMakeFiles/CMakeTmp'
make: *** [cmTryCompileExec3623871689/fast] Error 2

File /home/nicholaskwan-wong/roshydro/build/CMakeFiles/CMakeTmp/CheckSymbolExists.c:
/* */
#include <pthread.h>

int main(int argc, char** argv)
{
  (void)argv;
#ifndef pthread_create
  return ((int*)(&pthread_create))[argc];
#else
  (void)argc;
  return 0;
#endif
}

Determining if the function pthread_create exists in the pthreads failed with the following output:
Change Dir: /home/nicholaskwan-wong/roshydro/build/CMakeFiles/CMakeTmp

Run Build Command:/usr/bin/make "cmTryCompileExec107644468/fast"
/usr/bin/make -f CMakeFiles/cmTryCompileExec107644468.dir/build.make CMakeFiles/cmTryCompileExec107644468.dir/build
make[1]: Entering directory `/home/nicholaskwan-wong/roshydro/build/CMakeFiles/CMakeTmp'
/usr/bin/cmake -E cmake_progress_report /home/nicholaskwan-wong/roshydro/build/CMakeFiles/CMakeTmp/CMakeFiles 1
Building C object CMakeFiles/cmTryCompileExec107644468.dir/CheckFunctionExists.c.o
/usr/bin/cc   -DCHECK_FUNCTION_EXISTS=pthread_create   -o CMakeFiles/cmTryCompileExec107644468.dir/CheckFunctionExists.c.o   -c /usr/share/cmake-2.8/Modules/CheckFunctionExists.c
Linking C executable cmTryCompileExec107644468
/usr/bin/cmake -E cmake_link_script CMakeFiles/cmTryCompileExec107644468.dir/link.txt --verbose=1
/usr/bin/cc   -DCHECK_FUNCTION_EXISTS=pthread_create    CMakeFiles/cmTryCompileExec107644468.dir/CheckFunctionExists.c.o  -o cmTryCompileExec107644468 -rdynamic -lpthreads 
/usr/bin/ld: cannot find -lpthreads
collect2: error: ld returned 1 exit status
make[1]: *** [cmTryCompileExec107644468] Error 1
make[1]: Leaving directory `/home/nicholaskwan-wong/roshydro/build/CMakeFiles/CMakeTmp'
make: *** [cmTryCompileExec107644468/fast] Error 2


Determining if the Q_WS_WIN exist failed with the following output:
Change Dir: /home/nicholaskwan-wong/roshydro/build/CMakeFiles/CMakeTmp

Run Build Command:/usr/bin/make "cmTryCompileExec3862062330/fast"
/usr/bin/make -f CMakeFiles/cmTryCompileExec3862062330.dir/build.make CMakeFiles/cmTryCompileExec3862062330.dir/build
make[1]: Entering directory `/home/nicholaskwan-wong/roshydro/build/CMakeFiles/CMakeTmp'
/usr/bin/cmake -E cmake_progress_report /home/nicholaskwan-wong/roshydro/build/CMakeFiles/CMakeTmp/CMakeFiles 1
Building CXX object CMakeFiles/cmTryCompileExec3862062330.dir/CheckSymbolExists.cxx.o
/usr/bin/c++    -I/usr/include/qt4    -o CMakeFiles/cmTryCompileExec3862062330.dir/CheckSymbolExists.cxx.o -c /home/nicholaskwan-wong/roshydro/build/CMakeFiles/CMakeTmp/CheckSymbolExists.cxx
/home/nicholaskwan-wong/roshydro/build/CMakeFiles/CMakeTmp/CheckSymbolExists.cxx: In function ‘int main(int, char**)’:
/home/nicholaskwan-wong/roshydro/build/CMakeFiles/CMakeTmp/CheckSymbolExists.cxx:8:19: error: ‘Q_WS_WIN’ was not declared in this scope
   return ((int*)(&Q_WS_WIN))[argc];
                   ^
make[1]: *** [CMakeFiles/cmTryCompileExec3862062330.dir/CheckSymbolExists.cxx.o] Error 1
make[1]: Leaving directory `/home/nicholaskwan-wong/roshydro/build/CMakeFiles/CMakeTmp'
make: *** [cmTryCompileExec3862062330/fast] Error 2

File /home/nicholaskwan-wong/roshydro/build/CMakeFiles/CMakeTmp/CheckSymbolExists.cxx:
/* */
#include <QtCore/qglobal.h>

int main(int argc, char** argv)
{
  (void)argv;
#ifndef Q_WS_WIN
  return ((int*)(&Q_WS_WIN))[argc];
#else
  (void)argc;
  return 0;
#endif
}

Determining if the Q_WS_QWS exist failed with the following output:
Change Dir: /home/nicholaskwan-wong/roshydro/build/CMakeFiles/CMakeTmp

Run Build Command:/usr/bin/make "cmTryCompileExec2102286296/fast"
/usr/bin/make -f CMakeFiles/cmTryCompileExec2102286296.dir/build.make CMakeFiles/cmTryCompileExec2102286296.dir/build
make[1]: Entering directory `/home/nicholaskwan-wong/roshydro/build/CMakeFiles/CMakeTmp'
/usr/bin/cmake -E cmake_progress_report /home/nicholaskwan-wong/roshydro/build/CMakeFiles/CMakeTmp/CMakeFiles 1
Building CXX object CMakeFiles/cmTryCompileExec2102286296.dir/CheckSymbolExists.cxx.o
/usr/bin/c++    -I/usr/include/qt4    -o CMakeFiles/cmTryCompileExec2102286296.dir/CheckSymbolExists.cxx.o -c /home/nicholaskwan-wong/roshydro/build/CMakeFiles/CMakeTmp/CheckSymbolExists.cxx
/home/nicholaskwan-wong/roshydro/build/CMakeFiles/CMakeTmp/CheckSymbolExists.cxx: In function ‘int main(int, char**)’:
/home/nicholaskwan-wong/roshydro/build/CMakeFiles/CMakeTmp/CheckSymbolExists.cxx:8:19: error: ‘Q_WS_QWS’ was not declared in this scope
   return ((int*)(&Q_WS_QWS))[argc];
                   ^
make[1]: *** [CMakeFiles/cmTryCompileExec2102286296.dir/CheckSymbolExists.cxx.o] Error 1
make[1]: Leaving directory `/home/nicholaskwan-wong/roshydro/build/CMakeFiles/CMakeTmp'
make: *** [cmTryCompileExec2102286296/fast] Error 2

File /home/nicholaskwan-wong/roshydro/build/CMakeFiles/CMakeTmp/CheckSymbolExists.cxx:
/* */
#include <QtCore/qglobal.h>

int main(int argc, char** argv)
{
  (void)argv;
#ifndef Q_WS_QWS
  return ((int*)(&Q_WS_QWS))[argc];
#else
  (void)argc;
  return 0;
#endif
}

Determining if the Q_WS_MAC exist failed with the following output:
Change Dir: /home/nicholaskwan-wong/roshydro/build/CMakeFiles/CMakeTmp

Run Build Command:/usr/bin/make "cmTryCompileExec3735383501/fast"
/usr/bin/make -f CMakeFiles/cmTryCompileExec3735383501.dir/build.make CMakeFiles/cmTryCompileExec3735383501.dir/build
make[1]: Entering directory `/home/nicholaskwan-wong/roshydro/build/CMakeFiles/CMakeTmp'
/usr/bin/cmake -E cmake_progress_report /home/nicholaskwan-wong/roshydro/build/CMakeFiles/CMakeTmp/CMakeFiles 1
Building CXX object CMakeFiles/cmTryCompileExec3735383501.dir/CheckSymbolExists.cxx.o
/usr/bin/c++    -I/usr/include/qt4    -o CMakeFiles/cmTryCompileExec3735383501.dir/CheckSymbolExists.cxx.o -c /home/nicholaskwan-wong/roshydro/build/CMakeFiles/CMakeTmp/CheckSymbolExists.cxx
/home/nicholaskwan-wong/roshydro/build/CMakeFiles/CMakeTmp/CheckSymbolExists.cxx: In function ‘int main(int, char**)’:
/home/nicholaskwan-wong/roshydro/build/CMakeFiles/CMakeTmp/CheckSymbolExists.cxx:8:19: error: ‘Q_WS_MAC’ was not declared in this scope
   return ((int*)(&Q_WS_MAC))[argc];
                   ^
make[1]: *** [CMakeFiles/cmTryCompileExec3735383501.dir/CheckSymbolExists.cxx.o] Error 1
make[1]: Leaving directory `/home/nicholaskwan-wong/roshydro/build/CMakeFiles/CMakeTmp'
make: *** [cmTryCompileExec3735383501/fast] Error 2

File /home/nicholaskwan-wong/roshydro/build/CMakeFiles/CMakeTmp/CheckSymbolExists.cxx:
/* */
#include <QtCore/qglobal.h>

int main(int argc, char** argv)
{
  (void)argv;
#ifndef Q_WS_MAC
  return ((int*)(&Q_WS_MAC))[argc];
#else
  (void)argc;
  return 0;
#endif
}

